Debug information for CONTRACT_TYPE 'Airline-Flight-1151':

Configuration:
CONTRACT_TYPE
{
	sortKey = 1151
	name = Airline-Flight-1151
	title = Flight 1151 - Crew: 1 Passengers: @/numPassengers
	genericTitle = Flight 1151 - Crew: 1 Passengers: 4-8
	group = Trans Kerbin Airlines
	agent = Trans Kerbin Airlines
	description = Trans Kerbin Airlines is proud to offer air transportation service to the Kermundsen Research Station for KSC staff, researchers and fellow scientists. Dress warm. &br;&br;Fly out @/numPassengers passsengers to the Kermundsen Research Station, wait 30 seconds to disembark and embark passengers, take off and return back to KSC.
	genericDescription = Trans Kerbin Airlines is proud to offer air transportation service to the Kermundsen Research Station for KSC staff, researchers and fellow scientists. Dress warm. &br;&br;Fly out 4-8 passengers to the Kermundsen Research Station, wait 30 seconds to disembark and embark passengers, take off and return back to KSC.
	synopsis = This is a regular service round trip flight with no manual passenger exchange required. Trans Kerbin Airlines regular flight service contracts are paid on a per-passenger basis.
	notes = You may only use an airplane.
	completedMessage = Flight Completed!&br;&br;Snacks served: @/numSnacks&br;Air sickness bags used: @/numAirSickness&br;&br;Trans Kerbin Airlines thanks you for flying and reminds you the sky is no longer the limit.
	maxCompletions = 0
	maxSimultaneous = 1
	autoAccept = false
	declinable = true
	cancellable = true
	minExpiry = 7.0
	maxExpiry = 7.0
	deadline = 0
	prestige = Trivial
	targetBody = Kerbin
	advanceFunds = 50.0 * @fltDistance
	rewardFunds = @/numPassengers * 25.0 * @fltDistance
	rewardReputation = 1.0
	rewardScience = 1.0
	failureFunds = @/numPassengers * 15.0 * @fltDistance
	failureReputation = 100.0
	REQUIREMENT
	{
		name = CompleteContract
		type = CompleteContract
		contractType = Airline-Flight-1150
		minCount = 1
		targetBody = @/targetBody
	}
	DATA
	{
		type = string
		craft = GAPcraftAirlineFlight1151
	}
	DATA
	{
		type = int
		numPassengers = Random(4, 8)
	}
	DATA
	{
		type = List<Kerbal>
		kerbals = NewKerbals(8).Random(@numPassengers)
		hidden = true
	}
	DATA
	{
		type = double
		numSnacks = Round(@numPassengers * 1.05)
		numAirSickness = Round(Random( 0 , @numPassengers / 6))
	}
	DATA
	{
		type = int
		fltDistance = 942
	}
	BEHAVIOUR
	{
		name = SpawnPassengers
		type = SpawnPassengers
		kerbal = @/kerbals
		kerbalType = Tourist
	}
	BEHAVIOUR
	{
		name = WaypointGenerator
		type = WaypointGenerator
		WAYPOINT
		{
			name = Kermundsen Research Station
			icon = marker
			targetBody = Kerbin
			latitude = -89.87486267
			longitude = -172.391983
			altitude = 0
		}
		PQS_CITY
		{
			name = KSC Air Terminal
			icon = marker
			pqsCity = KSC
			pqsOffset = -397.673310011714, 367.567136523425, 25.0483683246694
			altitude = 20
			parameter = RequestLandingLaunch
			targetBody = @/targetBody
		}
		PQS_CITY
		{
			name = KSC Runway
			icon = marker
			pqsCity = KSC
			pqsOffset = -1302.43054364842, 496.887726562927, 28.40858532858
			altitude = 20
			targetBody = @/targetBody
		}
	}
	BEHAVIOUR
	{
		name = DialogBox
		type = DialogBox
		DIALOG_BOX
		{
			condition = PARAMETER_COMPLETED
			parameter = RequestTakeoffLaunch
			position = CENTER
			TEXT
			{
				text = KSC ATC: Trans One One Five One, you are cleared to for depature to Kermundsen Station, heading one eight five, squawk five five two two.
			}
			IMAGE
			{
				url = ContractConfigurator/ui/eva_ac_female
				characterName = Air Traffic Control
			}
		}
		DIALOG_BOX
		{
			condition = PARAMETER_COMPLETED
			parameter = RequestLandingSite1
			position = CENTER
			TEXT
			{
				text = Kermundsen Station ATC: Trans One One Five One, we have you on approach. You are cleared to land at Kermundsen Station. Winds calm.
			}
			IMAGE
			{
				url = ContractConfigurator/ui/eva_ac_male
				characterName = Air Traffic Control
			}
		}
		DIALOG_BOX
		{
			condition = PARAMETER_COMPLETED
			parameter = RequestTakeoffSite1
			position = CENTER
			TEXT
			{
				text = Kermundsen Station ATC: Trans One One Five One, you are cleared for departure to Kerbin Space Center airport. Depart Kermundsen Station on heading zero zero five, squawk one zero one zero.
			}
			IMAGE
			{
				url = ContractConfigurator/ui/eva_ac_male
				characterName = Air Traffic Control
			}
		}
		DIALOG_BOX
		{
			condition = PARAMETER_COMPLETED
			parameter = RequestLandingLaunch
			position = CENTER
			TEXT
			{
				text = KSC ATC: Trans One One Five One, we have you on approach. You are cleared to land. Winds calm.
			}
			IMAGE
			{
				url = ContractConfigurator/ui/eva_ac_male
				characterName = Air Traffic Control
			}
		}
	}
	PARAMETER
	{
		name = VesselParameterGroup
		type = VesselParameterGroup
		title = Your aircraft must
		define = @/craft
		dissassociateVesselsOnContractCompletion = true
		disableOnStateChange = false
		targetBody = @/targetBody
		PARAMETER
		{
			name = HasCrew
			type = HasCrew
			title = have a certified pilot
			trait = Pilot
			minCrew = 1
			disableOnStateChange = false
			hideChildren = true
			targetBody = @/targetBody
		}
		PARAMETER
		{
			name = PartValidation
			type = PartValidation
			title = have wings
			category = Aero
			disableOnStateChange = false
			hideChildren = true
			targetBody = @/targetBody
		}
		PARAMETER
		{
			name = HasCrewCapacity
			type = HasCrewCapacity
			title = have at least @/numPassengers passenger seats
			minCapacity = @/numPassengers + 1
			disableOnStateChange = false
			targetBody = @/targetBody
		}
		PARAMETER
		{
			name = All
			type = All
			title = load all @/numPassengers passengers
			disableOnStateChange = false
			targetBody = @/targetBody
			PARAMETER
			{
				name = HasPassengers
				type = HasPassengers
				title = @kerbal.First()
				hideChildren = true
				hidden = true
				kerbal = @ITERATOR/kerbal.ElementAt(IteratorCurrentIndex())
				iteratorCount = @ITERATOR/kerbal.Count()
				targetBody = @/targetBody
				ITERATOR
				{
					type = Kerbal
					kerbal = @/kerbals
				}
			}
		}
	}
	PARAMETER
	{
		name = LaunchSite
		type = VesselParameterGroup
		title = start from KSC
		vessel = @/craft
		completeInSequence = true
		disableOnStateChange = true
		hideChildren = true
		targetBody = @/targetBody
		PARAMETER
		{
			name = VisitWaypoint
			type = VisitWaypoint
			index = 2
			distance = 500
			hideOnCompletion = false
			completeInSequence = true
			disableOnStateChange = false
			hideChildren = true
			targetBody = @/targetBody
		}
	}
	PARAMETER
	{
		name = RequestTakeoffLaunch
		type = Duration
		duration = 5s
		preWaitText = request clearance for takeoff:
		waitingText = requesting clearance for takeoff:
		completionText = be cleared for takeoff
		completeInSequence = true
		disableOnStateChange = true
		targetBody = @/targetBody
	}
	PARAMETER
	{
		name = RequestLandingSite1
		type = VesselParameterGroup
		title = request clearance for landing
		vessel = @/craft
		completeInSequence = true
		disableOnStateChange = true
		hideChildren = true
		hidden = true
		targetBody = @/targetBody
		PARAMETER
		{
			name = VisitWaypoint
			type = VisitWaypoint
			index = 0
			distance = 19000
			hideOnCompletion = false
			completeInSequence = true
			disableOnStateChange = false
			hideChildren = true
			hidden = true
			targetBody = @/targetBody
		}
	}
	PARAMETER
	{
		name = VesselParameterGroup
		type = VesselParameterGroup
		title = land at Kermundsen Station
		vessel = @/craft
		completeInSequence = true
		disableOnStateChange = true
		hideChildren = true
		targetBody = @/targetBody
		PARAMETER
		{
			name = ReachState
			type = ReachState
			situation = LANDED
			maxSpeed = 0.0
			completeInSequence = true
			disableOnStateChange = false
			hideChildren = true
			targetBody = @/targetBody
		}
		PARAMETER
		{
			name = VisitWaypoint
			type = VisitWaypoint
			index = 0
			distance = 690
			hideOnCompletion = false
			completeInSequence = true
			disableOnStateChange = false
			hideChildren = true
			targetBody = @/targetBody
		}
	}
	PARAMETER
	{
		name = PassengerExchange
		type = All
		title = and wait for passenger exchange
		completeInSequence = true
		disableOnStateChange = true
		targetBody = @/targetBody
		PARAMETER
		{
			name = ReachState
			type = ReachState
			situation = LANDED
			maxSpeed = 0.0
			completeInSequence = true
			disableOnStateChange = false
			hideChildren = true
			hidden = true
			targetBody = @/targetBody
		}
		PARAMETER
		{
			name = VisitWaypoint
			type = VisitWaypoint
			index = 0
			distance = 690
			hideOnCompletion = true
			completeInSequence = true
			disableOnStateChange = false
			hideChildren = true
			hidden = true
			targetBody = @/targetBody
		}
		PARAMETER
		{
			name = Duration
			type = Duration
			duration = 30s
			preWaitText = wait to exchange passengers for:
			waitingText = exchanging passengers now:
			completionText = all passengers exchanged!
			completeInSequence = true
			disableOnStateChange = true
			targetBody = @/targetBody
		}
	}
	PARAMETER
	{
		name = RequestTakeoffSite1
		type = Duration
		duration = 5s
		preWaitText = request clearance for takeoff
		waitingText = requesting clearance for takeoff
		completionText = be cleared for takeoff
		completeInSequence = true
		disableOnStateChange = true
		targetBody = @/targetBody
	}
	PARAMETER
	{
		name = RequestLandingLaunch
		type = VesselParameterGroup
		title = request clearance for landing
		vessel = @/craft
		completeInSequence = true
		disableOnStateChange = true
		hideChildren = true
		hidden = true
		targetBody = @/targetBody
		PARAMETER
		{
			name = VisitWaypoint
			type = VisitWaypoint
			index = 1
			distance = 19000
			hideOnCompletion = false
			completeInSequence = true
			disableOnStateChange = false
			hideChildren = true
			hidden = true
			targetBody = @/targetBody
		}
	}
	PARAMETER
	{
		name = Any
		type = Any
		title = and then land and stop
		completeInSequence = true
		disableOnStateChange = false
		targetBody = @/targetBody
		PARAMETER
		{
			name = Any
			type = Any
			title = at one of the following recovery areas
			disableOnStateChange = false
			targetBody = @/targetBody
			PARAMETER
			{
				name = VesselParameterGroup
				type = VesselParameterGroup
				title = the KSC Runway
				vessel = @/craft
				disableOnStateChange = false
				hideChildren = true
				targetBody = @/targetBody
				PARAMETER
				{
					name = ReachState
					type = ReachState
					targetBody = Kerbin
					biome = Runway
					situation = LANDED
					maxSpeed = 0.0
					disableOnStateChange = false
					hideChildren = true
				}
			}
			PARAMETER
			{
				name = VesselParameterGroup
				type = VesselParameterGroup
				title = or the KSC Air Terminal
				vessel = @/craft
				disableOnStateChange = false
				hideChildren = true
				targetBody = @/targetBody
				PARAMETER
				{
					name = ReachState
					type = ReachState
					targetBody = Kerbin
					biome = SPH
					situation = LANDED
					maxSpeed = 0.0
					disableOnStateChange = false
					hideChildren = true
				}
			}
		}
	}
	PARAMETER
	{
		name = All
		type = All
		title = safely
		completeInSequence = true
		disableOnStateChange = true
		targetBody = @/targetBody
		PARAMETER
		{
			name = VesselNotDestroyed
			type = VesselNotDestroyed
			title = without destroying your aircraft
			vessel = @/craft
			targetBody = @/targetBody
		}
		PARAMETER
		{
			name = KerbalDeaths
			type = KerbalDeaths
			title = or killing anyone
			vessel = @/craft
			targetBody = @/targetBody
		}
	}
	PARAMETER
	{
		name = All
		type = All
		title = and recover all @/numPassengers passengers
		targetBody = @/targetBody
		PARAMETER
		{
			name = RecoverKerbal
			type = RecoverKerbal
			title = @kerbal.First()
			hideChildren = true
			hidden = true
			kerbal = @ITERATOR/kerbal.ElementAt(IteratorCurrentIndex())
			iteratorCount = @ITERATOR/kerbal.Count()
			targetBody = @/targetBody
			ITERATOR
			{
				type = Kerbal
				kerbal = @/kerbals
			}
		}
	}
}

Data Nodes:
Airline-Flight-1151
    Trans Kerbin Airlines:name = Trans Kerbin Airlines, deterministic = True
    Trans Kerbin Airlines:displayName = Trans Kerbin Airlines, deterministic = True
    Trans Kerbin Airlines:minVersion = 1.4, deterministic = True
    Trans Kerbin Airlines:maxCompletions = 0, deterministic = True
    Trans Kerbin Airlines:maxSimultaneous = 1, deterministic = True
    Trans Kerbin Airlines:disabledContractType = [], deterministic = True
    Trans Kerbin Airlines:agent = Trans Kerbin Airlines, deterministic = True
    Trans Kerbin Airlines:sortKey = Trans Kerbin Airlines, deterministic = True
    Trans Kerbin Airlines:tip = , deterministic = True
    name = Airline-Flight-1151, deterministic = True
    trace = False, deterministic = True
    title = Flight 1151 - Crew: 1 Passengers: 7, deterministic = False
    tag = , deterministic = True
    description = Trans Kerbin Airlines is proud to offer air transportation service to the Kermundsen Research Station for KSC staff, researchers and fellow scientists. Dress warm. 

Fly out 7 passsengers to the Kermundsen Research Station, wait 30 seconds to disembark and embark passengers, take off and return back to KSC., deterministic = False
    topic = , deterministic = True
    subject = , deterministic = True
    notes = You may only use an airplane., deterministic = True
    synopsis = This is a regular service round trip flight with no manual passenger exchange required. Trans Kerbin Airlines regular flight service contracts are paid on a per-passenger basis., deterministic = True
    completedMessage = Flight Completed!

Snacks served: 7
Air sickness bags used: 1

Trans Kerbin Airlines thanks you for flying and reminds you the sky is no longer the limit., deterministic = False
    agent = Trans Kerbin Airlines, deterministic = True
    minExpiry = 7, deterministic = True
    maxExpiry = 7, deterministic = True
    deadline = 0, deterministic = True
    cancellable = True, deterministic = True
    declinable = True, deterministic = True
    autoAccept = False, deterministic = True
    prestige = [ Trivial ], deterministic = True
    targetBody = Kerbin (CelestialBody), deterministic = True
    maxCompletions = 0, deterministic = True
    maxSimultaneous = 1, deterministic = True
    rewardFunds = 164850, deterministic = False
    rewardReputation = 1, deterministic = True
    rewardScience = 1, deterministic = True
    failureFunds = 98910, deterministic = False
    failureReputation = 100, deterministic = True
    advanceFunds = 47100, deterministic = True
    craft = GAPcraftAirlineFlight1151, deterministic = True
    numPassengers = 7, deterministic = False
    kerbals = [ Milwise Kerman, Wilbald Kerman, Kelgas Kerman, Helley Kerman, Geofster Kerman, Eilbree Kerman, Chaddous Kerman ], deterministic = False
    numSnacks = 7, deterministic = False
    numAirSickness = 1, deterministic = False
    fltDistance = 942, deterministic = True
    genericTitle = Flight 1151 - Crew: 1 Passengers: 4-8, deterministic = True
    genericDescription = Trans Kerbin Airlines is proud to offer air transportation service to the Kermundsen Research Station for KSC staff, researchers and fellow scientists. Dress warm. 

Fly out 4-8 passengers to the Kermundsen Research Station, wait 30 seconds to disembark and embark passengers, take off and return back to KSC., deterministic = True
    sortKey = 1151, deterministic = True

	VesselParameterGroup
	    type = VesselParameterGroup, deterministic = True
	    name = VesselParameterGroup, deterministic = True
	    targetBody = Kerbin (CelestialBody), deterministic = True
	    rewardFunds = 0, deterministic = True
	    rewardReputation = 0, deterministic = True
	    rewardScience = 0, deterministic = True
	    failureFunds = 0, deterministic = True
	    failureReputation = 0, deterministic = True
	    optional = False, deterministic = True
	    disableOnStateChange = False, deterministic = True
	    completeInSequence = False, deterministic = True
	    hidden = False, deterministic = True
	    hideChildren = False, deterministic = True
	    title = Your aircraft must, deterministic = True
	    notes = null, deterministic = True
	    completedMessage = null, deterministic = True
	    duration = 00:00:00, deterministic = True
	    define = GAPcraftAirlineFlight1151, deterministic = True
	    defineList = null, deterministic = True
	    vessel = [], deterministic = True
	    dissassociateVesselsOnContractFailure = True, deterministic = True
	    dissassociateVesselsOnContractCompletion = True, deterministic = True
	    hideVesselName = False, deterministic = True
	
		HasCrew
		    type = HasCrew, deterministic = True
		    name = HasCrew, deterministic = True
		    targetBody = Kerbin (CelestialBody), deterministic = True
		    rewardFunds = 0, deterministic = True
		    rewardReputation = 0, deterministic = True
		    rewardScience = 0, deterministic = True
		    failureFunds = 0, deterministic = True
		    failureReputation = 0, deterministic = True
		    optional = False, deterministic = True
		    disableOnStateChange = False, deterministic = True
		    completeInSequence = False, deterministic = True
		    hidden = False, deterministic = True
		    hideChildren = True, deterministic = True
		    title = have a certified pilot, deterministic = True
		    notes = null, deterministic = True
		    completedMessage = null, deterministic = True
		    trait = Pilot, deterministic = True
		    minExperience = 0, deterministic = True
		    maxExperience = 5, deterministic = True
		    minCrew = 1, deterministic = True
		    maxCrew = 2147483647, deterministic = True
		    kerbal = [], deterministic = True
		    excludeKerbal = [], deterministic = True
		
		PartValidation
		    type = PartValidation, deterministic = True
		    name = PartValidation, deterministic = True
		    targetBody = Kerbin (CelestialBody), deterministic = True
		    rewardFunds = 0, deterministic = True
		    rewardReputation = 0, deterministic = True
		    rewardScience = 0, deterministic = True
		    failureFunds = 0, deterministic = True
		    failureReputation = 0, deterministic = True
		    optional = False, deterministic = True
		    disableOnStateChange = False, deterministic = True
		    completeInSequence = False, deterministic = True
		    hidden = False, deterministic = True
		    hideChildren = True, deterministic = True
		    title = have wings, deterministic = True
		    notes = null, deterministic = True
		    completedMessage = null, deterministic = True
		    minCount = 1, deterministic = True
		    maxCount = 2147483647, deterministic = True
		    part = [], deterministic = True
		    partModule = [], deterministic = True
		    partModuleType = [], deterministic = True
		    category = Aero, deterministic = True
		    manufacturer = null, deterministic = True
		
		HasCrewCapacity
		    type = HasCrewCapacity, deterministic = True
		    name = HasCrewCapacity, deterministic = True
		    targetBody = Kerbin (CelestialBody), deterministic = True
		    rewardFunds = 0, deterministic = True
		    rewardReputation = 0, deterministic = True
		    rewardScience = 0, deterministic = True
		    failureFunds = 0, deterministic = True
		    failureReputation = 0, deterministic = True
		    optional = False, deterministic = True
		    disableOnStateChange = False, deterministic = True
		    completeInSequence = False, deterministic = True
		    hidden = False, deterministic = True
		    hideChildren = False, deterministic = True
		    title = have at least 7 passenger seats, deterministic = False
		    notes = null, deterministic = True
		    completedMessage = null, deterministic = True
		    minCapacity = 8, deterministic = False
		    maxCapacity = 2147483647, deterministic = True
		
		All
		    type = All, deterministic = True
		    name = All, deterministic = True
		    targetBody = Kerbin (CelestialBody), deterministic = True
		    rewardFunds = 0, deterministic = True
		    rewardReputation = 0, deterministic = True
		    rewardScience = 0, deterministic = True
		    failureFunds = 0, deterministic = True
		    failureReputation = 0, deterministic = True
		    optional = False, deterministic = True
		    disableOnStateChange = False, deterministic = True
		    completeInSequence = False, deterministic = True
		    hidden = False, deterministic = True
		    hideChildren = False, deterministic = True
		    title = load all 7 passengers, deterministic = False
		    notes = null, deterministic = True
		    completedMessage = null, deterministic = True
		
			HasPassengers
			    type = HasPassengers, deterministic = True
			    name = HasPassengers, deterministic = True
			    targetBody = Kerbin (CelestialBody), deterministic = True
			    rewardFunds = 0, deterministic = True
			    rewardReputation = 0, deterministic = True
			    rewardScience = 0, deterministic = True
			    failureFunds = 0, deterministic = True
			    failureReputation = 0, deterministic = True
			    optional = False, deterministic = True
			    disableOnStateChange = null, deterministic = True
			    completeInSequence = False, deterministic = True
			    hidden = True, deterministic = True
			    hideChildren = True, deterministic = True
			    title = Milwise Kerman, deterministic = False
			    notes = null, deterministic = True
			    completedMessage = null, deterministic = True
			    index = 0, deterministic = True
			    count = 0, deterministic = True
			    kerbal = [ Milwise Kerman ], deterministic = False
			    iteratorCount = 7, deterministic = False
			
				ITERATOR
				    type = ContractConfigurator.Kerbal, deterministic = True
				    kerbal = [ Milwise Kerman, Wilbald Kerman, Kelgas Kerman, Helley Kerman, Geofster Kerman, Eilbree Kerman, Chaddous Kerman ], deterministic = False
				
	LaunchSite
	    type = VesselParameterGroup, deterministic = True
	    name = LaunchSite, deterministic = True
	    targetBody = Kerbin (CelestialBody), deterministic = True
	    rewardFunds = 0, deterministic = True
	    rewardReputation = 0, deterministic = True
	    rewardScience = 0, deterministic = True
	    failureFunds = 0, deterministic = True
	    failureReputation = 0, deterministic = True
	    optional = False, deterministic = True
	    disableOnStateChange = True, deterministic = True
	    completeInSequence = True, deterministic = True
	    hidden = False, deterministic = True
	    hideChildren = True, deterministic = True
	    title = start from KSC, deterministic = True
	    notes = null, deterministic = True
	    completedMessage = null, deterministic = True
	    duration = 00:00:00, deterministic = True
	    define = null, deterministic = True
	    defineList = null, deterministic = True
	    vessel = [ GAPcraftAirlineFlight1151 ], deterministic = True
	    dissassociateVesselsOnContractFailure = True, deterministic = True
	    dissassociateVesselsOnContractCompletion = False, deterministic = True
	    hideVesselName = False, deterministic = True
	
		VisitWaypoint
		    type = VisitWaypoint, deterministic = True
		    name = VisitWaypoint, deterministic = True
		    targetBody = Kerbin (CelestialBody), deterministic = True
		    rewardFunds = 0, deterministic = True
		    rewardReputation = 0, deterministic = True
		    rewardScience = 0, deterministic = True
		    failureFunds = 0, deterministic = True
		    failureReputation = 0, deterministic = True
		    optional = False, deterministic = True
		    disableOnStateChange = False, deterministic = True
		    completeInSequence = True, deterministic = True
		    hidden = False, deterministic = True
		    hideChildren = True, deterministic = True
		    title = null, deterministic = True
		    notes = null, deterministic = True
		    completedMessage = null, deterministic = True
		    index = 2, deterministic = True
		    distance = 500, deterministic = True
		    horizontalDistance = 0, deterministic = True
		    hideOnCompletion = False, deterministic = True
		    showMessages = False, deterministic = True
		
	RequestTakeoffLaunch
	    type = Duration, deterministic = True
	    name = RequestTakeoffLaunch, deterministic = True
	    targetBody = Kerbin (CelestialBody), deterministic = True
	    rewardFunds = 0, deterministic = True
	    rewardReputation = 0, deterministic = True
	    rewardScience = 0, deterministic = True
	    failureFunds = 0, deterministic = True
	    failureReputation = 0, deterministic = True
	    optional = False, deterministic = True
	    disableOnStateChange = True, deterministic = True
	    completeInSequence = True, deterministic = True
	    hidden = False, deterministic = True
	    hideChildren = False, deterministic = True
	    title = null, deterministic = True
	    notes = null, deterministic = True
	    completedMessage = null, deterministic = True
	    duration = 00:00:05, deterministic = True
	    preWaitText = request clearance for takeoff:, deterministic = True
	    waitingText = requesting clearance for takeoff:, deterministic = True
	    completionText = be cleared for takeoff, deterministic = True
	    startCriteria = CONTRACT_ACCEPTANCE, deterministic = True
	    parameter = [], deterministic = True
	
	RequestLandingSite1
	    type = VesselParameterGroup, deterministic = True
	    name = RequestLandingSite1, deterministic = True
	    targetBody = Kerbin (CelestialBody), deterministic = True
	    rewardFunds = 0, deterministic = True
	    rewardReputation = 0, deterministic = True
	    rewardScience = 0, deterministic = True
	    failureFunds = 0, deterministic = True
	    failureReputation = 0, deterministic = True
	    optional = False, deterministic = True
	    disableOnStateChange = True, deterministic = True
	    completeInSequence = True, deterministic = True
	    hidden = True, deterministic = True
	    hideChildren = True, deterministic = True
	    title = request clearance for landing, deterministic = True
	    notes = null, deterministic = True
	    completedMessage = null, deterministic = True
	    duration = 00:00:00, deterministic = True
	    define = null, deterministic = True
	    defineList = null, deterministic = True
	    vessel = [ GAPcraftAirlineFlight1151 ], deterministic = True
	    dissassociateVesselsOnContractFailure = True, deterministic = True
	    dissassociateVesselsOnContractCompletion = False, deterministic = True
	    hideVesselName = False, deterministic = True
	
		VisitWaypoint
		    type = VisitWaypoint, deterministic = True
		    name = VisitWaypoint, deterministic = True
		    targetBody = Kerbin (CelestialBody), deterministic = True
		    rewardFunds = 0, deterministic = True
		    rewardReputation = 0, deterministic = True
		    rewardScience = 0, deterministic = True
		    failureFunds = 0, deterministic = True
		    failureReputation = 0, deterministic = True
		    optional = False, deterministic = True
		    disableOnStateChange = False, deterministic = True
		    completeInSequence = True, deterministic = True
		    hidden = True, deterministic = True
		    hideChildren = True, deterministic = True
		    title = null, deterministic = True
		    notes = null, deterministic = True
		    completedMessage = null, deterministic = True
		    index = 0, deterministic = True
		    distance = 19000, deterministic = True
		    horizontalDistance = 0, deterministic = True
		    hideOnCompletion = False, deterministic = True
		    showMessages = False, deterministic = True
		
	VesselParameterGroup_1
	    type = VesselParameterGroup, deterministic = True
	    name = VesselParameterGroup, deterministic = True
	    targetBody = Kerbin (CelestialBody), deterministic = True
	    rewardFunds = 0, deterministic = True
	    rewardReputation = 0, deterministic = True
	    rewardScience = 0, deterministic = True
	    failureFunds = 0, deterministic = True
	    failureReputation = 0, deterministic = True
	    optional = False, deterministic = True
	    disableOnStateChange = True, deterministic = True
	    completeInSequence = True, deterministic = True
	    hidden = False, deterministic = True
	    hideChildren = True, deterministic = True
	    title = land at Kermundsen Station, deterministic = True
	    notes = null, deterministic = True
	    completedMessage = null, deterministic = True
	    duration = 00:00:00, deterministic = True
	    define = null, deterministic = True
	    defineList = null, deterministic = True
	    vessel = [ GAPcraftAirlineFlight1151 ], deterministic = True
	    dissassociateVesselsOnContractFailure = True, deterministic = True
	    dissassociateVesselsOnContractCompletion = False, deterministic = True
	    hideVesselName = False, deterministic = True
	
		ReachState
		    type = ReachState, deterministic = True
		    name = ReachState, deterministic = True
		    rewardFunds = 0, deterministic = True
		    rewardReputation = 0, deterministic = True
		    rewardScience = 0, deterministic = True
		    failureFunds = 0, deterministic = True
		    failureReputation = 0, deterministic = True
		    optional = False, deterministic = True
		    disableOnStateChange = False, deterministic = True
		    completeInSequence = True, deterministic = True
		    hidden = False, deterministic = True
		    hideChildren = True, deterministic = True
		    title = null, deterministic = True
		    notes = null, deterministic = True
		    completedMessage = null, deterministic = True
		    failWhenUnmet = False, deterministic = True
		    biome = null, deterministic = True
		    situation = [ LANDED ], deterministic = True
		    minAltitude = -3.402823E+38, deterministic = True
		    maxAltitude = 3.402823E+38, deterministic = True
		    minTerrainAltitude = 0, deterministic = True
		    maxTerrainAltitude = 3.402823E+38, deterministic = True
		    minSpeed = 0, deterministic = True
		    maxSpeed = 0, deterministic = True
		    minRateOfClimb = -1.79769313486232E+308, deterministic = True
		    maxRateOfClimb = 1.79769313486232E+308, deterministic = True
		    minAcceleration = 0, deterministic = True
		    maxAcceleration = 3.402823E+38, deterministic = True
		    minDeltaVeeActual = 0, deterministic = True
		    maxDeltaVeeActual = 1.79769313486232E+308, deterministic = True
		    minDeltaVeeVacuum = 0, deterministic = True
		    maxDeltaVeeVacuum = 1.79769313486232E+308, deterministic = True
		    targetBody = [ Kerbin (CelestialBody) ], deterministic = True
		
		VisitWaypoint
		    type = VisitWaypoint, deterministic = True
		    name = VisitWaypoint, deterministic = True
		    targetBody = Kerbin (CelestialBody), deterministic = True
		    rewardFunds = 0, deterministic = True
		    rewardReputation = 0, deterministic = True
		    rewardScience = 0, deterministic = True
		    failureFunds = 0, deterministic = True
		    failureReputation = 0, deterministic = True
		    optional = False, deterministic = True
		    disableOnStateChange = False, deterministic = True
		    completeInSequence = True, deterministic = True
		    hidden = False, deterministic = True
		    hideChildren = True, deterministic = True
		    title = null, deterministic = True
		    notes = null, deterministic = True
		    completedMessage = null, deterministic = True
		    index = 0, deterministic = True
		    distance = 690, deterministic = True
		    horizontalDistance = 0, deterministic = True
		    hideOnCompletion = False, deterministic = True
		    showMessages = False, deterministic = True
		
	PassengerExchange
	    type = All, deterministic = True
	    name = PassengerExchange, deterministic = True
	    targetBody = Kerbin (CelestialBody), deterministic = True
	    rewardFunds = 0, deterministic = True
	    rewardReputation = 0, deterministic = True
	    rewardScience = 0, deterministic = True
	    failureFunds = 0, deterministic = True
	    failureReputation = 0, deterministic = True
	    optional = False, deterministic = True
	    disableOnStateChange = True, deterministic = True
	    completeInSequence = True, deterministic = True
	    hidden = False, deterministic = True
	    hideChildren = False, deterministic = True
	    title = and wait for passenger exchange, deterministic = True
	    notes = null, deterministic = True
	    completedMessage = null, deterministic = True
	
		ReachState
		    type = ReachState, deterministic = True
		    name = ReachState, deterministic = True
		    rewardFunds = 0, deterministic = True
		    rewardReputation = 0, deterministic = True
		    rewardScience = 0, deterministic = True
		    failureFunds = 0, deterministic = True
		    failureReputation = 0, deterministic = True
		    optional = False, deterministic = True
		    disableOnStateChange = False, deterministic = True
		    completeInSequence = True, deterministic = True
		    hidden = True, deterministic = True
		    hideChildren = True, deterministic = True
		    title = null, deterministic = True
		    notes = null, deterministic = True
		    completedMessage = null, deterministic = True
		    failWhenUnmet = False, deterministic = True
		    biome = null, deterministic = True
		    situation = [ LANDED ], deterministic = True
		    minAltitude = -3.402823E+38, deterministic = True
		    maxAltitude = 3.402823E+38, deterministic = True
		    minTerrainAltitude = 0, deterministic = True
		    maxTerrainAltitude = 3.402823E+38, deterministic = True
		    minSpeed = 0, deterministic = True
		    maxSpeed = 0, deterministic = True
		    minRateOfClimb = -1.79769313486232E+308, deterministic = True
		    maxRateOfClimb = 1.79769313486232E+308, deterministic = True
		    minAcceleration = 0, deterministic = True
		    maxAcceleration = 3.402823E+38, deterministic = True
		    minDeltaVeeActual = 0, deterministic = True
		    maxDeltaVeeActual = 1.79769313486232E+308, deterministic = True
		    minDeltaVeeVacuum = 0, deterministic = True
		    maxDeltaVeeVacuum = 1.79769313486232E+308, deterministic = True
		    targetBody = [ Kerbin (CelestialBody) ], deterministic = True
		
		VisitWaypoint
		    type = VisitWaypoint, deterministic = True
		    name = VisitWaypoint, deterministic = True
		    targetBody = Kerbin (CelestialBody), deterministic = True
		    rewardFunds = 0, deterministic = True
		    rewardReputation = 0, deterministic = True
		    rewardScience = 0, deterministic = True
		    failureFunds = 0, deterministic = True
		    failureReputation = 0, deterministic = True
		    optional = False, deterministic = True
		    disableOnStateChange = False, deterministic = True
		    completeInSequence = True, deterministic = True
		    hidden = True, deterministic = True
		    hideChildren = True, deterministic = True
		    title = null, deterministic = True
		    notes = null, deterministic = True
		    completedMessage = null, deterministic = True
		    index = 0, deterministic = True
		    distance = 690, deterministic = True
		    horizontalDistance = 0, deterministic = True
		    hideOnCompletion = True, deterministic = True
		    showMessages = False, deterministic = True
		
		Duration
		    type = Duration, deterministic = True
		    name = Duration, deterministic = True
		    targetBody = Kerbin (CelestialBody), deterministic = True
		    rewardFunds = 0, deterministic = True
		    rewardReputation = 0, deterministic = True
		    rewardScience = 0, deterministic = True
		    failureFunds = 0, deterministic = True
		    failureReputation = 0, deterministic = True
		    optional = False, deterministic = True
		    disableOnStateChange = True, deterministic = True
		    completeInSequence = True, deterministic = True
		    hidden = False, deterministic = True
		    hideChildren = False, deterministic = True
		    title = null, deterministic = True
		    notes = null, deterministic = True
		    completedMessage = null, deterministic = True
		    duration = 00:00:30, deterministic = True
		    preWaitText = wait to exchange passengers for:, deterministic = True
		    waitingText = exchanging passengers now:, deterministic = True
		    completionText = all passengers exchanged!, deterministic = True
		    startCriteria = CONTRACT_ACCEPTANCE, deterministic = True
		    parameter = [], deterministic = True
		
	RequestTakeoffSite1
	    type = Duration, deterministic = True
	    name = RequestTakeoffSite1, deterministic = True
	    targetBody = Kerbin (CelestialBody), deterministic = True
	    rewardFunds = 0, deterministic = True
	    rewardReputation = 0, deterministic = True
	    rewardScience = 0, deterministic = True
	    failureFunds = 0, deterministic = True
	    failureReputation = 0, deterministic = True
	    optional = False, deterministic = True
	    disableOnStateChange = True, deterministic = True
	    completeInSequence = True, deterministic = True
	    hidden = False, deterministic = True
	    hideChildren = False, deterministic = True
	    title = null, deterministic = True
	    notes = null, deterministic = True
	    completedMessage = null, deterministic = True
	    duration = 00:00:05, deterministic = True
	    preWaitText = request clearance for takeoff, deterministic = True
	    waitingText = requesting clearance for takeoff, deterministic = True
	    completionText = be cleared for takeoff, deterministic = True
	    startCriteria = CONTRACT_ACCEPTANCE, deterministic = True
	    parameter = [], deterministic = True
	
	RequestLandingLaunch
	    type = VesselParameterGroup, deterministic = True
	    name = RequestLandingLaunch, deterministic = True
	    targetBody = Kerbin (CelestialBody), deterministic = True
	    rewardFunds = 0, deterministic = True
	    rewardReputation = 0, deterministic = True
	    rewardScience = 0, deterministic = True
	    failureFunds = 0, deterministic = True
	    failureReputation = 0, deterministic = True
	    optional = False, deterministic = True
	    disableOnStateChange = True, deterministic = True
	    completeInSequence = True, deterministic = True
	    hidden = True, deterministic = True
	    hideChildren = True, deterministic = True
	    title = request clearance for landing, deterministic = True
	    notes = null, deterministic = True
	    completedMessage = null, deterministic = True
	    duration = 00:00:00, deterministic = True
	    define = null, deterministic = True
	    defineList = null, deterministic = True
	    vessel = [ GAPcraftAirlineFlight1151 ], deterministic = True
	    dissassociateVesselsOnContractFailure = True, deterministic = True
	    dissassociateVesselsOnContractCompletion = False, deterministic = True
	    hideVesselName = False, deterministic = True
	
		VisitWaypoint
		    type = VisitWaypoint, deterministic = True
		    name = VisitWaypoint, deterministic = True
		    targetBody = Kerbin (CelestialBody), deterministic = True
		    rewardFunds = 0, deterministic = True
		    rewardReputation = 0, deterministic = True
		    rewardScience = 0, deterministic = True
		    failureFunds = 0, deterministic = True
		    failureReputation = 0, deterministic = True
		    optional = False, deterministic = True
		    disableOnStateChange = False, deterministic = True
		    completeInSequence = True, deterministic = True
		    hidden = True, deterministic = True
		    hideChildren = True, deterministic = True
		    title = null, deterministic = True
		    notes = null, deterministic = True
		    completedMessage = null, deterministic = True
		    index = 1, deterministic = True
		    distance = 19000, deterministic = True
		    horizontalDistance = 0, deterministic = True
		    hideOnCompletion = False, deterministic = True
		    showMessages = False, deterministic = True
		
	Any
	    type = Any, deterministic = True
	    name = Any, deterministic = True
	    targetBody = Kerbin (CelestialBody), deterministic = True
	    rewardFunds = 0, deterministic = True
	    rewardReputation = 0, deterministic = True
	    rewardScience = 0, deterministic = True
	    failureFunds = 0, deterministic = True
	    failureReputation = 0, deterministic = True
	    optional = False, deterministic = True
	    disableOnStateChange = False, deterministic = True
	    completeInSequence = True, deterministic = True
	    hidden = False, deterministic = True
	    hideChildren = False, deterministic = True
	    title = and then land and stop, deterministic = True
	    notes = null, deterministic = True
	    completedMessage = null, deterministic = True
	
		Any
		    type = Any, deterministic = True
		    name = Any, deterministic = True
		    targetBody = Kerbin (CelestialBody), deterministic = True
		    rewardFunds = 0, deterministic = True
		    rewardReputation = 0, deterministic = True
		    rewardScience = 0, deterministic = True
		    failureFunds = 0, deterministic = True
		    failureReputation = 0, deterministic = True
		    optional = False, deterministic = True
		    disableOnStateChange = False, deterministic = True
		    completeInSequence = False, deterministic = True
		    hidden = False, deterministic = True
		    hideChildren = False, deterministic = True
		    title = at one of the following recovery areas, deterministic = True
		    notes = null, deterministic = True
		    completedMessage = null, deterministic = True
		
			VesselParameterGroup
			    type = VesselParameterGroup, deterministic = True
			    name = VesselParameterGroup, deterministic = True
			    targetBody = Kerbin (CelestialBody), deterministic = True
			    rewardFunds = 0, deterministic = True
			    rewardReputation = 0, deterministic = True
			    rewardScience = 0, deterministic = True
			    failureFunds = 0, deterministic = True
			    failureReputation = 0, deterministic = True
			    optional = False, deterministic = True
			    disableOnStateChange = False, deterministic = True
			    completeInSequence = False, deterministic = True
			    hidden = False, deterministic = True
			    hideChildren = True, deterministic = True
			    title = the KSC Runway, deterministic = True
			    notes = null, deterministic = True
			    completedMessage = null, deterministic = True
			    duration = 00:00:00, deterministic = True
			    define = null, deterministic = True
			    defineList = null, deterministic = True
			    vessel = [ GAPcraftAirlineFlight1151 ], deterministic = True
			    dissassociateVesselsOnContractFailure = True, deterministic = True
			    dissassociateVesselsOnContractCompletion = False, deterministic = True
			    hideVesselName = False, deterministic = True
			
				ReachState
				    type = ReachState, deterministic = True
				    name = ReachState, deterministic = True
				    rewardFunds = 0, deterministic = True
				    rewardReputation = 0, deterministic = True
				    rewardScience = 0, deterministic = True
				    failureFunds = 0, deterministic = True
				    failureReputation = 0, deterministic = True
				    optional = False, deterministic = True
				    disableOnStateChange = False, deterministic = True
				    completeInSequence = False, deterministic = True
				    hidden = False, deterministic = True
				    hideChildren = True, deterministic = True
				    title = null, deterministic = True
				    notes = null, deterministic = True
				    completedMessage = null, deterministic = True
				    failWhenUnmet = False, deterministic = True
				    biome = KSC’s Runway, deterministic = True
				    situation = [ LANDED ], deterministic = True
				    minAltitude = -3.402823E+38, deterministic = True
				    maxAltitude = 3.402823E+38, deterministic = True
				    minTerrainAltitude = 0, deterministic = True
				    maxTerrainAltitude = 3.402823E+38, deterministic = True
				    minSpeed = 0, deterministic = True
				    maxSpeed = 0, deterministic = True
				    minRateOfClimb = -1.79769313486232E+308, deterministic = True
				    maxRateOfClimb = 1.79769313486232E+308, deterministic = True
				    minAcceleration = 0, deterministic = True
				    maxAcceleration = 3.402823E+38, deterministic = True
				    minDeltaVeeActual = 0, deterministic = True
				    maxDeltaVeeActual = 1.79769313486232E+308, deterministic = True
				    minDeltaVeeVacuum = 0, deterministic = True
				    maxDeltaVeeVacuum = 1.79769313486232E+308, deterministic = True
				    targetBody = [ Kerbin (CelestialBody) ], deterministic = True
				
			VesselParameterGroup_1
			    type = VesselParameterGroup, deterministic = True
			    name = VesselParameterGroup, deterministic = True
			    targetBody = Kerbin (CelestialBody), deterministic = True
			    rewardFunds = 0, deterministic = True
			    rewardReputation = 0, deterministic = True
			    rewardScience = 0, deterministic = True
			    failureFunds = 0, deterministic = True
			    failureReputation = 0, deterministic = True
			    optional = False, deterministic = True
			    disableOnStateChange = False, deterministic = True
			    completeInSequence = False, deterministic = True
			    hidden = False, deterministic = True
			    hideChildren = True, deterministic = True
			    title = or the KSC Air Terminal, deterministic = True
			    notes = null, deterministic = True
			    completedMessage = null, deterministic = True
			    duration = 00:00:00, deterministic = True
			    define = null, deterministic = True
			    defineList = null, deterministic = True
			    vessel = [ GAPcraftAirlineFlight1151 ], deterministic = True
			    dissassociateVesselsOnContractFailure = True, deterministic = True
			    dissassociateVesselsOnContractCompletion = False, deterministic = True
			    hideVesselName = False, deterministic = True
			
				ReachState
				    type = ReachState, deterministic = True
				    name = ReachState, deterministic = True
				    rewardFunds = 0, deterministic = True
				    rewardReputation = 0, deterministic = True
				    rewardScience = 0, deterministic = True
				    failureFunds = 0, deterministic = True
				    failureReputation = 0, deterministic = True
				    optional = False, deterministic = True
				    disableOnStateChange = False, deterministic = True
				    completeInSequence = False, deterministic = True
				    hidden = False, deterministic = True
				    hideChildren = True, deterministic = True
				    title = null, deterministic = True
				    notes = null, deterministic = True
				    completedMessage = null, deterministic = True
				    failWhenUnmet = False, deterministic = True
				    biome = KSC’s SPH, deterministic = True
				    situation = [ LANDED ], deterministic = True
				    minAltitude = -3.402823E+38, deterministic = True
				    maxAltitude = 3.402823E+38, deterministic = True
				    minTerrainAltitude = 0, deterministic = True
				    maxTerrainAltitude = 3.402823E+38, deterministic = True
				    minSpeed = 0, deterministic = True
				    maxSpeed = 0, deterministic = True
				    minRateOfClimb = -1.79769313486232E+308, deterministic = True
				    maxRateOfClimb = 1.79769313486232E+308, deterministic = True
				    minAcceleration = 0, deterministic = True
				    maxAcceleration = 3.402823E+38, deterministic = True
				    minDeltaVeeActual = 0, deterministic = True
				    maxDeltaVeeActual = 1.79769313486232E+308, deterministic = True
				    minDeltaVeeVacuum = 0, deterministic = True
				    maxDeltaVeeVacuum = 1.79769313486232E+308, deterministic = True
				    targetBody = [ Kerbin (CelestialBody) ], deterministic = True
				
	All
	    type = All, deterministic = True
	    name = All, deterministic = True
	    targetBody = Kerbin (CelestialBody), deterministic = True
	    rewardFunds = 0, deterministic = True
	    rewardReputation = 0, deterministic = True
	    rewardScience = 0, deterministic = True
	    failureFunds = 0, deterministic = True
	    failureReputation = 0, deterministic = True
	    optional = False, deterministic = True
	    disableOnStateChange = True, deterministic = True
	    completeInSequence = True, deterministic = True
	    hidden = False, deterministic = True
	    hideChildren = False, deterministic = True
	    title = safely, deterministic = True
	    notes = null, deterministic = True
	    completedMessage = null, deterministic = True
	
		VesselNotDestroyed
		    type = VesselNotDestroyed, deterministic = True
		    name = VesselNotDestroyed, deterministic = True
		    targetBody = Kerbin (CelestialBody), deterministic = True
		    rewardFunds = 0, deterministic = True
		    rewardReputation = 0, deterministic = True
		    rewardScience = 0, deterministic = True
		    failureFunds = 0, deterministic = True
		    failureReputation = 0, deterministic = True
		    optional = False, deterministic = True
		    disableOnStateChange = null, deterministic = True
		    completeInSequence = False, deterministic = True
		    hidden = False, deterministic = True
		    hideChildren = False, deterministic = True
		    title = without destroying your aircraft, deterministic = True
		    notes = null, deterministic = True
		    completedMessage = null, deterministic = True
		    vessel = [ GAPcraftAirlineFlight1151 ], deterministic = True
		
		KerbalDeaths
		    type = KerbalDeaths, deterministic = True
		    name = KerbalDeaths, deterministic = True
		    targetBody = Kerbin (CelestialBody), deterministic = True
		    rewardFunds = 0, deterministic = True
		    rewardReputation = 0, deterministic = True
		    rewardScience = 0, deterministic = True
		    failureFunds = 0, deterministic = True
		    failureReputation = 0, deterministic = True
		    optional = False, deterministic = True
		    disableOnStateChange = null, deterministic = True
		    completeInSequence = False, deterministic = True
		    hidden = False, deterministic = True
		    hideChildren = False, deterministic = True
		    title = or killing anyone, deterministic = True
		    notes = null, deterministic = True
		    completedMessage = null, deterministic = True
		    countMax = 1, deterministic = True
		    kerbal = [], deterministic = True
		    vessel = GAPcraftAirlineFlight1151, deterministic = True
		
	All_1
	    type = All, deterministic = True
	    name = All, deterministic = True
	    targetBody = Kerbin (CelestialBody), deterministic = True
	    rewardFunds = 0, deterministic = True
	    rewardReputation = 0, deterministic = True
	    rewardScience = 0, deterministic = True
	    failureFunds = 0, deterministic = True
	    failureReputation = 0, deterministic = True
	    optional = False, deterministic = True
	    disableOnStateChange = null, deterministic = True
	    completeInSequence = False, deterministic = True
	    hidden = False, deterministic = True
	    hideChildren = False, deterministic = True
	    title = and recover all 7 passengers, deterministic = False
	    notes = null, deterministic = True
	    completedMessage = null, deterministic = True
	
		RecoverKerbal
		    type = RecoverKerbal, deterministic = True
		    name = RecoverKerbal, deterministic = True
		    targetBody = Kerbin (CelestialBody), deterministic = True
		    rewardFunds = 0, deterministic = True
		    rewardReputation = 0, deterministic = True
		    rewardScience = 0, deterministic = True
		    failureFunds = 0, deterministic = True
		    failureReputation = 0, deterministic = True
		    optional = False, deterministic = True
		    disableOnStateChange = null, deterministic = True
		    completeInSequence = False, deterministic = True
		    hidden = True, deterministic = True
		    hideChildren = True, deterministic = True
		    title = Milwise Kerman, deterministic = False
		    notes = null, deterministic = True
		    completedMessage = null, deterministic = True
		    kerbal = [ Milwise Kerman ], deterministic = False
		    index = 0, deterministic = True
		    count = 0, deterministic = True
		    iteratorCount = 7, deterministic = False
		
			ITERATOR
			    type = ContractConfigurator.Kerbal, deterministic = True
			    kerbal = [ Milwise Kerman, Wilbald Kerman, Kelgas Kerman, Helley Kerman, Geofster Kerman, Eilbree Kerman, Chaddous Kerman ], deterministic = False
			
	SpawnPassengers
	    type = SpawnPassengers, deterministic = True
	    name = SpawnPassengers, deterministic = True
	    targetBody = null, deterministic = True
	    kerbal = [ Milwise Kerman, Wilbald Kerman, Kelgas Kerman, Helley Kerman, Geofster Kerman, Eilbree Kerman, Chaddous Kerman ], deterministic = False
	    count = 1, deterministic = True
	    kerbalType = Tourist, deterministic = True
	    removePassengers = True, deterministic = True
	
	WaypointGenerator
	    type = WaypointGenerator, deterministic = True
	    name = WaypointGenerator, deterministic = True
	    targetBody = null, deterministic = True
	
		WAYPOINT_0
		    type = WAYPOINT, deterministic = True
		    targetBody = Kerbin (CelestialBody), deterministic = True
		    name = [ Kermundsen Research Station ], deterministic = True
		    altitude = 0, deterministic = True
		    parameter = [], deterministic = True
		    hidden = False, deterministic = True
		    icon = marker, deterministic = True
		    underwater = False, deterministic = True
		    clustered = False, deterministic = True
		    latitude = -89.87486267, deterministic = True
		    longitude = -172.391983, deterministic = True
		
		WAYPOINT_1
		    type = PQS_CITY, deterministic = True
		    targetBody = Kerbin (CelestialBody), deterministic = True
		    name = [ KSC Air Terminal ], deterministic = True
		    altitude = 20, deterministic = True
		    parameter = [ RequestLandingLaunch ], deterministic = True
		    hidden = False, deterministic = True
		    icon = marker, deterministic = True
		    underwater = False, deterministic = True
		    clustered = False, deterministic = True
		    pqsCity = KSC, deterministic = True
		    pqsOffset = [-397.673310011714, 367.567136523425, 25.0483683246694], deterministic = True
		
		WAYPOINT_2
		    type = PQS_CITY, deterministic = True
		    targetBody = Kerbin (CelestialBody), deterministic = True
		    name = [ KSC Runway ], deterministic = True
		    altitude = 20, deterministic = True
		    parameter = [], deterministic = True
		    hidden = False, deterministic = True
		    icon = marker, deterministic = True
		    underwater = False, deterministic = True
		    clustered = False, deterministic = True
		    pqsCity = KSC, deterministic = True
		    pqsOffset = [-1302.43054364842, 496.887726562927, 28.40858532858], deterministic = True
		
	DialogBox
	    type = DialogBox, deterministic = True
	    name = DialogBox, deterministic = True
	    targetBody = null, deterministic = True
	
		DIALOG_BOX_0
		    condition = PARAMETER_COMPLETED, deterministic = True
		    position = CENTER, deterministic = True
		    width = 0.8, deterministic = True
		    height = 0, deterministic = True
		    title = , deterministic = True
		    titleColor = RGBA(1.000, 1.000, 1.000, 1.000), deterministic = True
		    parameter = RequestTakeoffLaunch, deterministic = True
		
			DIALOG_BOX_0_0
			    text = KSC ATC: Trans One One Five One, you are cleared to for depature to Kermundsen Station, heading one eight five, squawk five five two two., deterministic = True
			    textColor = RGBA(0.800, 0.800, 0.800, 1.000), deterministic = True
			    fontSize = 20, deterministic = True
			
			DIALOG_BOX_0_1
			    url = ContractConfigurator/ui/eva_ac_female, deterministic = True
			    characterName = Air Traffic Control, deterministic = True
			    textColor = RGBA(0.729, 0.855, 0.333, 1.000), deterministic = True
			
		DIALOG_BOX_1
		    condition = PARAMETER_COMPLETED, deterministic = True
		    position = CENTER, deterministic = True
		    width = 0.8, deterministic = True
		    height = 0, deterministic = True
		    title = , deterministic = True
		    titleColor = RGBA(1.000, 1.000, 1.000, 1.000), deterministic = True
		    parameter = RequestLandingSite1, deterministic = True
		
			DIALOG_BOX_1_0
			    text = Kermundsen Station ATC: Trans One One Five One, we have you on approach. You are cleared to land at Kermundsen Station. Winds calm., deterministic = True
			    textColor = RGBA(0.800, 0.800, 0.800, 1.000), deterministic = True
			    fontSize = 20, deterministic = True
			
			DIALOG_BOX_1_1
			    url = ContractConfigurator/ui/eva_ac_male, deterministic = True
			    characterName = Air Traffic Control, deterministic = True
			    textColor = RGBA(0.729, 0.855, 0.333, 1.000), deterministic = True
			
		DIALOG_BOX_2
		    condition = PARAMETER_COMPLETED, deterministic = True
		    position = CENTER, deterministic = True
		    width = 0.8, deterministic = True
		    height = 0, deterministic = True
		    title = , deterministic = True
		    titleColor = RGBA(1.000, 1.000, 1.000, 1.000), deterministic = True
		    parameter = RequestTakeoffSite1, deterministic = True
		
			DIALOG_BOX_2_0
			    text = Kermundsen Station ATC: Trans One One Five One, you are cleared for departure to Kerbin Space Center airport. Depart Kermundsen Station on heading zero zero five, squawk one zero one zero., deterministic = True
			    textColor = RGBA(0.800, 0.800, 0.800, 1.000), deterministic = True
			    fontSize = 20, deterministic = True
			
			DIALOG_BOX_2_1
			    url = ContractConfigurator/ui/eva_ac_male, deterministic = True
			    characterName = Air Traffic Control, deterministic = True
			    textColor = RGBA(0.729, 0.855, 0.333, 1.000), deterministic = True
			
		DIALOG_BOX_3
		    condition = PARAMETER_COMPLETED, deterministic = True
		    position = CENTER, deterministic = True
		    width = 0.8, deterministic = True
		    height = 0, deterministic = True
		    title = , deterministic = True
		    titleColor = RGBA(1.000, 1.000, 1.000, 1.000), deterministic = True
		    parameter = RequestLandingLaunch, deterministic = True
		
			DIALOG_BOX_3_0
			    text = KSC ATC: Trans One One Five One, we have you on approach. You are cleared to land. Winds calm., deterministic = True
			    textColor = RGBA(0.800, 0.800, 0.800, 1.000), deterministic = True
			    fontSize = 20, deterministic = True
			
			DIALOG_BOX_3_1
			    url = ContractConfigurator/ui/eva_ac_male, deterministic = True
			    characterName = Air Traffic Control, deterministic = True
			    textColor = RGBA(0.729, 0.855, 0.333, 1.000), deterministic = True
			
	CompleteContract
	    type = CompleteContract, deterministic = True
	    name = CompleteContract, deterministic = True
	    title = null, deterministic = True
	    hideChildren = False, deterministic = True
	    targetBody = Kerbin (CelestialBody), deterministic = True
	    checkOnActiveContract = False, deterministic = True
	    invertRequirement = False, deterministic = True
	    contractType = Airline-Flight-1150, deterministic = True
	    minCount = 1, deterministic = True
	    maxCount = 4294967295, deterministic = True
	    cooldownDuration = 00:00:00, deterministic = True
	

Output log:
[INFO] ContractConfigurator.ContractType: Loading CONTRACT_TYPE: 'Airline-Flight-1151'
[INFO] ContractConfigurator.ContractType: Successfully loaded CONTRACT_TYPE 'Airline-Flight-1151'
